<?xml version="1.0" encoding="UTF-8" ?>
<testsuite errors="1" failures="0" hostname="EDL-DV-JCARD" name="org.card.scrabble.BoardTest" tests="1" time="0.542" timestamp="2012-01-10T02:40:12">
  <properties>
[...]
</properties>
  <testcase classname="org.card.scrabble.BoardTest" name="testScorePlay" time="0.466">
    <error message="No signature of method: org.card.scrabble.BoardTest.getDirectionAndCoords() is applicable for argument types: (java.lang.String) values: [A1]" type="groovy.lang.MissingMethodException">groovy.lang.MissingMethodException: No signature of method: org.card.scrabble.BoardTest.getDirectionAndCoords() is applicable for argument types: (java.lang.String) values: [A1]
	at org.codehaus.groovy.runtime.ScriptBytecodeAdapter.unwrap(ScriptBytecodeAdapter.java:55)
	at org.codehaus.groovy.runtime.callsite.PogoMetaClassSite.callCurrent(PogoMetaClassSite.java:78)
	at org.codehaus.groovy.runtime.callsite.CallSiteArray.defaultCallCurrent(CallSiteArray.java:46)
	at org.codehaus.groovy.runtime.callsite.AbstractCallSite.callCurrent(AbstractCallSite.java:133)
	at org.codehaus.groovy.runtime.callsite.AbstractCallSite.callCurrent(AbstractCallSite.java:141)
	at org.card.scrabble.BoardTest.testScorePlay(BoardTest.groovy:7)
</error>
  </testcase>
  <system-out><![CDATA[]]></system-out>
  <system-err><![CDATA[]]></system-err>
</testsuite>
